\BOOKMARK [0][]{chapter.1}{1 Einleitung}{}% 1
\BOOKMARK [1][-]{section.1.1}{1.1 Motivation}{chapter.1}% 2
\BOOKMARK [1][-]{section.1.2}{1.2 Aufgabenstellung}{chapter.1}% 3
\BOOKMARK [1][-]{section.1.3}{1.3 Gliederung}{chapter.1}% 4
\BOOKMARK [0][]{chapter.2}{2 Grundlagen der HDR-Bilder}{}% 5
\BOOKMARK [1][-]{section.2.1}{2.1 Prinzip}{chapter.2}% 6
\BOOKMARK [1][-]{section.2.2}{2.2 Anwendungsgebiet und Geschichte}{chapter.2}% 7
\BOOKMARK [1][-]{section.2.3}{2.3 Bilderzeugung}{chapter.2}% 8
\BOOKMARK [1][-]{section.2.4}{2.4 Bildspeicherung}{chapter.2}% 9
\BOOKMARK [1][-]{section.2.5}{2.5 Bilddarstellung}{chapter.2}% 10
\BOOKMARK [1][-]{section.2.6}{2.6 Software zur Erstellung von HDR Bildern}{chapter.2}% 11
\BOOKMARK [0][]{chapter.3}{3 Verwandte Arbeiten}{}% 12
\BOOKMARK [0][]{chapter.4}{4 Algorithmus von Debevec und Malik paper}{}% 13
\BOOKMARK [1][-]{section.4.1}{4.1 Ansatz}{chapter.4}% 14
\BOOKMARK [1][-]{section.4.2}{4.2 Berechnung der Antwortkurve}{chapter.4}% 15
\BOOKMARK [1][-]{section.4.3}{4.3 Konstruktion der Radiance Map}{chapter.4}% 16
\BOOKMARK [1][-]{section.4.4}{4.4 M\366gliche Erweiterungen des Ansatzes}{chapter.4}% 17
\BOOKMARK [1][-]{section.4.5}{4.5 Bekannte Implementierungen}{chapter.4}% 18
\BOOKMARK [0][]{chapter.5}{5 Mathematische Ausarbeitung}{}% 19
\BOOKMARK [1][-]{section.5.1}{5.1 Optimierungsansatz}{chapter.5}% 20
\BOOKMARK [1][-]{section.5.2}{5.2 L\366sung der LGS}{chapter.5}% 21
\BOOKMARK [1][-]{section.5.3}{5.3 Erweiterung um Monotonie-Eigenschaft}{chapter.5}% 22
\BOOKMARK [1][-]{section.5.4}{5.4 Erweiterung um Robustheit}{chapter.5}% 23
\BOOKMARK [1][-]{section.5.5}{5.5 R\344umlicher Glattheitsterm}{chapter.5}% 24
\BOOKMARK [0][]{chapter.6}{6 Implementierung}{}% 25
\BOOKMARK [1][-]{section.6.1}{6.1 Einschr\344nkungen und Vorbedingungen}{chapter.6}% 26
\BOOKMARK [1][-]{section.6.2}{6.2 Wahl der Programmier-Sprache}{chapter.6}% 27
\BOOKMARK [1][-]{section.6.3}{6.3 Architektur}{chapter.6}% 28
\BOOKMARK [1][-]{section.6.4}{6.4 Algorithmus in Pseudocode}{chapter.6}% 29
\BOOKMARK [1][-]{section.6.5}{6.5 Ausgew\344hlte Programmabschnitte}{chapter.6}% 30
\BOOKMARK [1][-]{section.6.6}{6.6 Verwendetes Tone-Mapping-Verfahren}{chapter.6}% 31
\BOOKMARK [1][-]{section.6.7}{6.7 Laufzeitanalyse}{chapter.6}% 32
\BOOKMARK [0][]{chapter.7}{7 Ergebnisse und Resultate}{}% 33
\BOOKMARK [1][-]{section.7.1}{7.1 Ergebnisse ohne Erweiterungen}{chapter.7}% 34
\BOOKMARK [1][-]{section.7.2}{7.2 Ergebnisse mit Erweiterungen}{chapter.7}% 35
\BOOKMARK [1][-]{section.7.3}{7.3 Vergleich der Ergebnisse}{chapter.7}% 36
\BOOKMARK [1][-]{section.7.4}{7.4 Vergleich zum naiven Ansatz von Debevec und Malik paper}{chapter.7}% 37
\BOOKMARK [0][]{chapter.8}{8 Kapitel zwei}{}% 38
\BOOKMARK [1][-]{section.8.1}{8.1 File-Encoding}{chapter.8}% 39
\BOOKMARK [1][-]{section.8.2}{8.2 Zitate}{chapter.8}% 40
\BOOKMARK [1][-]{section.8.3}{8.3 Mathematische Formeln}{chapter.8}% 41
\BOOKMARK [1][-]{section.8.4}{8.4 Quellcode}{chapter.8}% 42
\BOOKMARK [1][-]{section.8.5}{8.5 Abbildungen}{chapter.8}% 43
\BOOKMARK [1][-]{section.8.6}{8.6 Tabellen}{chapter.8}% 44
\BOOKMARK [1][-]{section.8.7}{8.7 Pseudocode}{chapter.8}% 45
\BOOKMARK [1][-]{section.8.8}{8.8 Verweise}{chapter.8}% 46
\BOOKMARK [1][-]{section.8.9}{8.9 Verschiedenes}{chapter.8}% 47
\BOOKMARK [1][-]{section.8.10}{8.10 Weitere Informationen}{chapter.8}% 48
\BOOKMARK [0][]{chapter.9}{9 Zusammenfassung und Ausblick}{}% 49
\BOOKMARK [0][]{appendix.A}{A Anhang}{}% 50
\BOOKMARK [1][-]{section.A.1}{A.1 Artikel paper}{appendix.A}% 51
\BOOKMARK [1][-]{section.A.2}{A.2 Verwendete Algorithmen}{appendix.A}% 52
\BOOKMARK [1][-]{section.A.3}{A.3 Programmcode}{appendix.A}% 53
\BOOKMARK [0][]{section.A.3}{Glossar}{}% 54
\BOOKMARK [0][]{appendix*.20}{Literaturverzeichnis}{}% 55
